<?xml version="1.0" encoding="UTF-8"?>
<testng-results skipped="0" failed="0" ignored="0" total="4" passed="4">
  <reporter-output>
  </reporter-output>
  <suite name="Default suite" duration-ms="5211" started-at="2023-07-26T02:34:14 CDT" finished-at="2023-07-26T02:34:20 CDT">
    <groups>
      <group name="cucumber">
        <method signature="AbstractTestNGCucumberTests.runScenario(io.cucumber.testng.PickleWrapper,io.cucumber.testng.FeatureWrapper)[pri:0, instance:runner.TaggedRunner@4516af24]" name="runScenario" class="io.cucumber.testng.AbstractTestNGCucumberTests"/>
      </group> <!-- cucumber -->
    </groups>
    <test name="Default test" duration-ms="5211" started-at="2023-07-26T02:34:14 CDT" finished-at="2023-07-26T02:34:20 CDT">
      <class name="runner.TaggedRunner">
        <test-method status="PASS" signature="setUpClass(org.testng.ITestContext)[pri:0, instance:runner.TaggedRunner@4516af24]" name="setUpClass" is-config="true" duration-ms="2025" started-at="2023-07-26T02:34:14 CDT" finished-at="2023-07-26T02:34:16 CDT">
          <params>
            <param index="0">
              <value>
                <![CDATA[org.testng.TestRunner@2c30b71f]]>
              </value>
            </param>
          </params>
          <reporter-output>
          </reporter-output>
        </test-method> <!-- setUpClass -->
        <test-method status="PASS" signature="runScenario(io.cucumber.testng.PickleWrapper,io.cucumber.testng.FeatureWrapper)[pri:0, instance:runner.TaggedRunner@4516af24]" name="runScenario" duration-ms="532" started-at="2023-07-26T02:34:17 CDT" description="Runs Cucumber Scenarios" data-provider="scenarios" finished-at="2023-07-26T02:34:17 CDT">
          <params>
            <param index="0">
              <value>
                <![CDATA["Create a contact"]]>
              </value>
            </param>
            <param index="1">
              <value>
                <![CDATA["Contact Management"]]>
              </value>
            </param>
          </params>
          <reporter-output>
          </reporter-output>
        </test-method> <!-- runScenario -->
        <test-method status="PASS" signature="runScenario(io.cucumber.testng.PickleWrapper,io.cucumber.testng.FeatureWrapper)[pri:0, instance:runner.TaggedRunner@4516af24]" name="runScenario" duration-ms="55" started-at="2023-07-26T02:34:17 CDT" description="Runs Cucumber Scenarios" data-provider="scenarios" finished-at="2023-07-26T02:34:17 CDT">
          <params>
            <param index="0">
              <value>
                <![CDATA["Create a Deal"]]>
              </value>
            </param>
            <param index="1">
              <value>
                <![CDATA["Deal Management"]]>
              </value>
            </param>
          </params>
          <reporter-output>
          </reporter-output>
        </test-method> <!-- runScenario -->
        <test-method status="PASS" signature="runScenario(io.cucumber.testng.PickleWrapper,io.cucumber.testng.FeatureWrapper)[pri:0, instance:runner.TaggedRunner@4516af24]" name="runScenario" duration-ms="35" started-at="2023-07-26T02:34:17 CDT" description="Runs Cucumber Scenarios" data-provider="scenarios" finished-at="2023-07-26T02:34:17 CDT">
          <params>
            <param index="0">
              <value>
                <![CDATA["Update a Deal"]]>
              </value>
            </param>
            <param index="1">
              <value>
                <![CDATA["Deal Management"]]>
              </value>
            </param>
          </params>
          <reporter-output>
          </reporter-output>
        </test-method> <!-- runScenario -->
        <test-method status="PASS" signature="runScenario(io.cucumber.testng.PickleWrapper,io.cucumber.testng.FeatureWrapper)[pri:0, instance:runner.TaggedRunner@4516af24]" name="runScenario" duration-ms="41" started-at="2023-07-26T02:34:17 CDT" description="Runs Cucumber Scenarios" data-provider="scenarios" finished-at="2023-07-26T02:34:17 CDT">
          <params>
            <param index="0">
              <value>
                <![CDATA["Delete a Deal"]]>
              </value>
            </param>
            <param index="1">
              <value>
                <![CDATA["Deal Management"]]>
              </value>
            </param>
          </params>
          <reporter-output>
          </reporter-output>
        </test-method> <!-- runScenario -->
        <test-method status="PASS" signature="tearDownClass()[pri:0, instance:runner.TaggedRunner@4516af24]" name="tearDownClass" is-config="true" duration-ms="2412" started-at="2023-07-26T02:34:17 CDT" finished-at="2023-07-26T02:34:20 CDT">
          <reporter-output>
          </reporter-output>
        </test-method> <!-- tearDownClass -->
      </class> <!-- runner.TaggedRunner -->
    </test> <!-- Default test -->
  </suite> <!-- Default suite -->
</testng-results>
